WARN  [VERIFY_SUSPECT.TimerThread,ExampleFederation,MacBook-Pro-Mariusz-9724] portico.lrc.jgroups: Detected that federate [1] may have crashed, investigating...
ERROR [main] portico.lrc: federates still joined: [2]
org.portico.lrc.compat.JFederatesCurrentlyJoined: federates still joined: [2]
	at org.portico.bindings.jgroups.channel.FederationChannel.destroyFederation(FederationChannel.java:402)
	at org.portico.bindings.jgroups.JGroupsConnection.destroyFederation(JGroupsConnection.java:322)
	at org.portico.lrc.services.federation.handlers.outgoing.DestroyFederationHandler.process(DestroyFederationHandler.java:57)
	at org.portico.utils.messaging.MessageSink.process(MessageSink.java:187)
	at org.portico.impl.hla13.Impl13Helper.processMessage(Impl13Helper.java:123)
	at org.portico.impl.hla13.Rti13Ambassador.processMessage(Rti13Ambassador.java:5822)
	at org.portico.impl.hla13.Rti13Ambassador.destroyFederationExecution(Rti13Ambassador.java:257)
	at pl.edu.wat.wcy.mtsk.lotnisko.federacje.GuiFederat.runFederate(GuiFederat.java:148)
	at pl.edu.wat.wcy.mtsk.lotnisko.start.Gui.main(Gui.java:26)
ERROR [main] portico.lrc: federation doesn't exist: JEDYNAKI
org.portico.lrc.compat.JFederationExecutionDoesNotExist: federation doesn't exist: JEDYNAKI
	at org.portico.bindings.jgroups.channel.FederationChannel.joinFederation(FederationChannel.java:306)
	at org.portico.bindings.jgroups.JGroupsConnection.joinFederation(JGroupsConnection.java:255)
	at org.portico.lrc.services.federation.handlers.outgoing.JoinFederationHandler.process(JoinFederationHandler.java:105)
	at org.portico.utils.messaging.MessageSink.process(MessageSink.java:187)
	at org.portico.impl.hla13.Impl13Helper.processMessage(Impl13Helper.java:123)
	at org.portico.impl.hla13.Rti13Ambassador.processMessage(Rti13Ambassador.java:5822)
	at org.portico.impl.hla13.Rti13Ambassador.joinFederationExecution(Rti13Ambassador.java:321)
	at pl.edu.wat.wcy.mtsk.lotnisko.federacje.Federat.dolaczDoFederacji(Federat.java:70)
	at pl.edu.wat.wcy.mtsk.lotnisko.federacje.Federat.runFederate(Federat.java:203)
	at pl.edu.wat.wcy.mtsk.lotnisko.start.Gui.main(Gui.java:27)
ERROR [main] portico.lrc: class [508] not published by [guiFederate]
org.portico.lrc.compat.JObjectClassNotPublished: class [508] not published by [guiFederate]
	at org.portico.lrc.services.object.handlers.outgoing.RegisterObjectHandler.checkPublished(RegisterObjectHandler.java:143)
	at org.portico.lrc.services.object.handlers.outgoing.RegisterObjectHandler.process(RegisterObjectHandler.java:87)
	at org.portico.utils.messaging.MessageSink.process(MessageSink.java:187)
	at org.portico.impl.hla13.Impl13Helper.processMessage(Impl13Helper.java:123)
	at org.portico.impl.hla13.Rti13Ambassador.processMessage(Rti13Ambassador.java:5822)
	at org.portico.impl.hla13.Rti13Ambassador.registerObjectInstance(Rti13Ambassador.java:1754)
	at pl.edu.wat.wcy.mtsk.lotnisko.federacje.Federat.zarejestrujObjekt(Federat.java:312)
	at pl.edu.wat.wcy.mtsk.lotnisko.federacje.GuiFederat.zarejestrujObiekty(GuiFederat.java:160)
	at pl.edu.wat.wcy.mtsk.lotnisko.federacje.Federat.runFederate(Federat.java:236)
	at pl.edu.wat.wcy.mtsk.lotnisko.start.Gui.main(Gui.java:27)
ERROR [main] portico.lrc: can't delete object [0]: unknown
org.portico.lrc.compat.JObjectNotKnown: can't delete object [0]: unknown
	at org.portico.lrc.services.object.handlers.outgoing.DeleteObjectHandler.process(DeleteObjectHandler.java:77)
	at org.portico.utils.messaging.MessageSink.process(MessageSink.java:187)
	at org.portico.impl.hla13.Impl13Helper.processMessage(Impl13Helper.java:123)
	at org.portico.impl.hla13.Rti13Ambassador.processMessage(Rti13Ambassador.java:5822)
	at org.portico.impl.hla13.Rti13Ambassador.deleteObjectInstance(Rti13Ambassador.java:2201)
	at pl.edu.wat.wcy.mtsk.lotnisko.federacje.Federat.deleteObject(Federat.java:432)
	at pl.edu.wat.wcy.mtsk.lotnisko.federacje.GuiFederat.usunZarejestrowaneObiekty(GuiFederat.java:175)
	at pl.edu.wat.wcy.mtsk.lotnisko.federacje.Federat.runFederate(Federat.java:240)
	at pl.edu.wat.wcy.mtsk.lotnisko.start.Gui.main(Gui.java:27)
ERROR [main] portico.lrc.jgroups: FAILURE destoryFederation [ExampleFederation]: doesn't exist
ERROR [main] portico.lrc: doesn't exist: ExampleFederation
org.portico.lrc.compat.JFederationExecutionDoesNotExist: doesn't exist: ExampleFederation
	at org.portico.bindings.jgroups.channel.FederationChannel.destroyFederation(FederationChannel.java:393)
	at org.portico.bindings.jgroups.JGroupsConnection.destroyFederation(JGroupsConnection.java:322)
	at org.portico.lrc.services.federation.handlers.outgoing.DestroyFederationHandler.process(DestroyFederationHandler.java:57)
	at org.portico.utils.messaging.MessageSink.process(MessageSink.java:187)
	at org.portico.impl.hla13.Impl13Helper.processMessage(Impl13Helper.java:123)
	at org.portico.impl.hla13.Rti13Ambassador.processMessage(Rti13Ambassador.java:5822)
	at org.portico.impl.hla13.Rti13Ambassador.destroyFederationExecution(Rti13Ambassador.java:257)
	at pl.edu.wat.wcy.mtsk.lotnisko.federacje.GuiFederat.naKoniec(GuiFederat.java:218)
	at pl.edu.wat.wcy.mtsk.lotnisko.federacje.Federat.runFederate(Federat.java:244)
	at pl.edu.wat.wcy.mtsk.lotnisko.start.Gui.main(Gui.java:27)
WARN  [VERIFY_SUSPECT.TimerThread,JEDYNAKI,MacBook-Pro-Mariusz-40497] portico.lrc.jgroups: Detected that federate [1] may have crashed, investigating...
ERROR [main] portico.lrc.jgroups: FAILURE createFederation: already exists, name=JEDYNAKI
ERROR [main] portico.lrc: federation exists: JEDYNAKI
org.portico.lrc.compat.JFederationExecutionAlreadyExists: federation exists: JEDYNAKI
	at org.portico.bindings.jgroups.channel.FederationChannel.createFederation(FederationChannel.java:268)
	at org.portico.bindings.jgroups.JGroupsConnection.createFederation(JGroupsConnection.java:232)
	at org.portico.lrc.services.federation.handlers.outgoing.CreateFederationHandler.process(CreateFederationHandler.java:79)
	at org.portico.utils.messaging.MessageSink.process(MessageSink.java:187)
	at org.portico.impl.hla13.Impl13Helper.processMessage(Impl13Helper.java:123)
	at org.portico.impl.hla13.Rti13Ambassador.processMessage(Rti13Ambassador.java:5822)
	at org.portico.impl.hla13.Rti13Ambassador.createFederationExecution(Rti13Ambassador.java:194)
	at pl.edu.wat.wcy.mtsk.lotnisko.federacje.GuiFederat.utworzFederacje(GuiFederat.java:59)
	at pl.edu.wat.wcy.mtsk.lotnisko.federacje.GuiFederat.naPoczatek(GuiFederat.java:295)
	at pl.edu.wat.wcy.mtsk.lotnisko.federacje.Federat.runFederate(Federat.java:251)
	at pl.edu.wat.wcy.mtsk.lotnisko.start.Gui.main(Gui.java:27)
ERROR [main] portico.lrc: federate name in use: guiFederate
org.portico.lrc.compat.JFederateAlreadyExecutionMember: federate name in use: guiFederate
	at org.portico.bindings.jgroups.channel.FederationChannel.joinFederation(FederationChannel.java:319)
	at org.portico.bindings.jgroups.JGroupsConnection.joinFederation(JGroupsConnection.java:255)
	at org.portico.lrc.services.federation.handlers.outgoing.JoinFederationHandler.process(JoinFederationHandler.java:105)
	at org.portico.utils.messaging.MessageSink.process(MessageSink.java:187)
	at org.portico.impl.hla13.Impl13Helper.processMessage(Impl13Helper.java:123)
	at org.portico.impl.hla13.Rti13Ambassador.processMessage(Rti13Ambassador.java:5822)
	at org.portico.impl.hla13.Rti13Ambassador.joinFederationExecution(Rti13Ambassador.java:321)
	at pl.edu.wat.wcy.mtsk.lotnisko.federacje.Federat.dolaczDoFederacji(Federat.java:95)
	at pl.edu.wat.wcy.mtsk.lotnisko.federacje.Federat.runFederate(Federat.java:253)
	at pl.edu.wat.wcy.mtsk.lotnisko.start.Gui.main(Gui.java:27)
WARN  [VERIFY_SUSPECT.TimerThread,JEDYNAKI,MacBook-Pro-Mariusz-26476] portico.lrc.jgroups: Detected that federate [1] may have crashed, investigating...
WARN  [VERIFY_SUSPECT.TimerThread,JEDYNAKI,MacBook-Pro-Mariusz-26476] portico.lrc.jgroups: Detected that federate [1] may have crashed, investigating...
WARN  [VERIFY_SUSPECT.TimerThread,JEDYNAKI,MacBook-Pro-Mariusz-45488] portico.lrc.jgroups: Detected that federate [1] may have crashed, investigating...
ERROR [main] portico.lrc: federation doesn't exist: JEDYNAKI
org.portico.lrc.compat.JFederationExecutionDoesNotExist: federation doesn't exist: JEDYNAKI
	at org.portico.bindings.jgroups.channel.FederationChannel.joinFederation(FederationChannel.java:306)
	at org.portico.bindings.jgroups.JGroupsConnection.joinFederation(JGroupsConnection.java:255)
	at org.portico.lrc.services.federation.handlers.outgoing.JoinFederationHandler.process(JoinFederationHandler.java:105)
	at org.portico.utils.messaging.MessageSink.process(MessageSink.java:187)
	at org.portico.impl.hla13.Impl13Helper.processMessage(Impl13Helper.java:123)
	at org.portico.impl.hla13.Rti13Ambassador.processMessage(Rti13Ambassador.java:5822)
	at org.portico.impl.hla13.Rti13Ambassador.joinFederationExecution(Rti13Ambassador.java:321)
	at pl.edu.wat.wcy.mtsk.lotnisko.federacje.Federat.dolaczDoFederacji(Federat.java:94)
	at pl.edu.wat.wcy.mtsk.lotnisko.federacje.Federat.runFederate(Federat.java:252)
	at pl.edu.wat.wcy.mtsk.lotnisko.start.Samolot.main(Samolot.java:23)
ERROR [main] portico.lrc.jgroups: FAILURE createFederation: already exists, name=JEDYNAKI
ERROR [main] portico.lrc: federation exists: JEDYNAKI
org.portico.lrc.compat.JFederationExecutionAlreadyExists: federation exists: JEDYNAKI
	at org.portico.bindings.jgroups.channel.FederationChannel.createFederation(FederationChannel.java:268)
	at org.portico.bindings.jgroups.JGroupsConnection.createFederation(JGroupsConnection.java:232)
	at org.portico.lrc.services.federation.handlers.outgoing.CreateFederationHandler.process(CreateFederationHandler.java:79)
	at org.portico.utils.messaging.MessageSink.process(MessageSink.java:187)
	at org.portico.impl.hla13.Impl13Helper.processMessage(Impl13Helper.java:123)
	at org.portico.impl.hla13.Rti13Ambassador.processMessage(Rti13Ambassador.java:5822)
	at org.portico.impl.hla13.Rti13Ambassador.createFederationExecution(Rti13Ambassador.java:194)
	at pl.edu.wat.wcy.mtsk.lotnisko.federacje.GuiFederat.utworzFederacje(GuiFederat.java:60)
	at pl.edu.wat.wcy.mtsk.lotnisko.federacje.GuiFederat.naPoczatek(GuiFederat.java:296)
	at pl.edu.wat.wcy.mtsk.lotnisko.federacje.Federat.runFederate(Federat.java:250)
	at pl.edu.wat.wcy.mtsk.lotnisko.start.Gui.main(Gui.java:27)
ERROR [main] portico.lrc: federate name in use: guiFederate
org.portico.lrc.compat.JFederateAlreadyExecutionMember: federate name in use: guiFederate
	at org.portico.bindings.jgroups.channel.FederationChannel.joinFederation(FederationChannel.java:319)
	at org.portico.bindings.jgroups.JGroupsConnection.joinFederation(JGroupsConnection.java:255)
	at org.portico.lrc.services.federation.handlers.outgoing.JoinFederationHandler.process(JoinFederationHandler.java:105)
	at org.portico.utils.messaging.MessageSink.process(MessageSink.java:187)
	at org.portico.impl.hla13.Impl13Helper.processMessage(Impl13Helper.java:123)
	at org.portico.impl.hla13.Rti13Ambassador.processMessage(Rti13Ambassador.java:5822)
	at org.portico.impl.hla13.Rti13Ambassador.joinFederationExecution(Rti13Ambassador.java:321)
	at pl.edu.wat.wcy.mtsk.lotnisko.federacje.Federat.dolaczDoFederacji(Federat.java:94)
	at pl.edu.wat.wcy.mtsk.lotnisko.federacje.Federat.runFederate(Federat.java:252)
	at pl.edu.wat.wcy.mtsk.lotnisko.start.Gui.main(Gui.java:27)
